# JRE version: OpenJDK Runtime Environment Temurin-25+36 (25.0+36) (build 25+36-LTS)
# Java VM: OpenJDK 64-Bit Server VM Temurin-25+36 (25+36-LTS, mixed mode, emulated-client, sharing, tiered, compressed oops, compressed class ptrs, g1 gc, windows-amd64)
GC Precious Log:
 CardTable entry size: 512
 Card Set container configuration: InlinePtr #cards 4 size 8 Array Of Cards #cards 32 size 80 Howl #buckets 8 coarsen threshold 7372 Howl Bitmap #cards 1024 size 144 coarsen threshold 921 Card regions per heap region 1 cards per card region 8192
 CPUs: 12 total, 12 available
 Memory: 24302M
 Large Page Support: Disabled
 NUMA Support: Disabled
 Compressed Oops: Enabled (Zero based)
 Heap Region Size: 4M
 Heap Min Capacity: 8M
 Heap Initial Capacity: 380M
 Heap Max Capacity: 6076M
 Pre-touch: Disabled
 Parallel Workers: 10
 Concurrent Workers: 3
 Concurrent Refinement Workers: 10
 Periodic GC: Disabled
Heap:
 garbage-first heap   total reserved 6221824K, committed 98304K, used 50185K [0x0000000684400000, 0x0000000800000000)
  region size 4096K, 8 young (32768K), 2 survivors (8192K)
GC Heap Usage History (16 events):
Event: 0.670 {heap Before GC invocations=0 (full 0):
 garbage-first heap   total reserved 6221824K, committed 393216K, used 46227K [0x0000000684400000, 0x0000000800000000)
  region size 4096K, 12 young (49152K), 0 survivors (0K)
}
Event: 0.675 {heap After GC invocations=1 (full 0):
 garbage-first heap   total reserved 6221824K, committed 393216K, used 9917K [0x0000000684400000, 0x0000000800000000)
  region size 4096K, 2 young (8192K), 2 survivors (8192K)
}
Event: 1.288 {heap Before GC invocations=1 (full 0):
 garbage-first heap   total reserved 6221824K, committed 393216K, used 71357K [0x0000000684400000, 0x0000000800000000)
  region size 4096K, 18 young (73728K), 2 survivors (8192K)
}
Event: 1.296 {heap After GC invocations=2 (full 0):
 garbage-first heap   total reserved 6221824K, committed 393216K, used 15424K [0x0000000684400000, 0x0000000800000000)
  region size 4096K, 4 young (16384K), 4 survivors (16384K)
}
Event: 1.902 {heap Before GC invocations=3 (full 0):
 garbage-first heap   total reserved 6221824K, committed 81920K, used 72768K [0x0000000684400000, 0x0000000800000000)
  region size 4096K, 18 young (73728K), 4 survivors (16384K)
}
Event: 1.911 {heap After GC invocations=4 (full 0):
 garbage-first heap   total reserved 6221824K, committed 102400K, used 20174K [0x0000000684400000, 0x0000000800000000)
  region size 4096K, 5 young (20480K), 5 survivors (20480K)
}
Event: 2.295 {heap Before GC invocations=4 (full 0):
 garbage-first heap   total reserved 6221824K, committed 102400K, used 52942K [0x0000000684400000, 0x0000000800000000)
  region size 4096K, 14 young (57344K), 5 survivors (20480K)
}
Event: 2.304 {heap After GC invocations=5 (full 0):
 garbage-first heap   total reserved 6221824K, committed 102400K, used 22091K [0x0000000684400000, 0x0000000800000000)
  region size 4096K, 1 young (4096K), 1 survivors (4096K)
}
Event: 2.323 {heap Before GC invocations=5 (full 0):
 garbage-first heap   total reserved 6221824K, committed 102400K, used 22091K [0x0000000684400000, 0x0000000800000000)
  region size 4096K, 2 young (8192K), 1 survivors (4096K)
}
Event: 2.324 {heap After GC invocations=6 (full 0):
 garbage-first heap   total reserved 6221824K, committed 102400K, used 21106K [0x0000000684400000, 0x0000000800000000)
  region size 4096K, 1 young (4096K), 1 survivors (4096K)
}
Event: 2.933 {heap Before GC invocations=7 (full 0):
 garbage-first heap   total reserved 6221824K, committed 98304K, used 66162K [0x0000000684400000, 0x0000000800000000)
  region size 4096K, 13 young (53248K), 1 survivors (4096K)
}
Event: 2.936 {heap After GC invocations=8 (full 0):
 garbage-first heap   total reserved 6221824K, committed 98304K, used 24704K [0x0000000684400000, 0x0000000800000000)
  region size 4096K, 2 young (8192K), 2 survivors (8192K)
}
Event: 3.458 {heap Before GC invocations=8 (full 0):
 garbage-first heap   total reserved 6221824K, committed 98304K, used 69760K [0x0000000684400000, 0x0000000800000000)
  region size 4096K, 13 young (53248K), 2 survivors (8192K)
}
Event: 3.463 {heap After GC invocations=9 (full 0):
 garbage-first heap   total reserved 6221824K, committed 98304K, used 28360K [0x0000000684400000, 0x0000000800000000)
  region size 4096K, 2 young (8192K), 2 survivors (8192K)
}
Event: 3.571 {heap Before GC invocations=9 (full 0):
 garbage-first heap   total reserved 6221824K, committed 98304K, used 36552K [0x0000000684400000, 0x0000000800000000)
  region size 4096K, 5 young (20480K), 2 survivors (8192K)
}
Event: 3.575 {heap After GC invocations=10 (full 0):
 garbage-first heap   total reserved 6221824K, committed 98304K, used 29705K [0x0000000684400000, 0x0000000800000000)
  region size 4096K, 2 young (8192K), 2 survivors (8192K)
}

